<?xml version="1.0" encoding="UTF-8"?>
<!-- Generated by org.testng.reporters.JUnitXMLReporter -->
<testsuite ignored="0" hostname="GerEng" failures="6" tests="24" name="Canvas Design Tests (FR-03 and NFR-03)" time="209.453" errors="0" timestamp="2026-05-06T16:21:20 ICT">
  <testcase classname="com.sqa.doan.tests.CanvasDesignTest" name="tc_fr03_ui_01_overallUiLayout" time="10.074">
    <failure type="java.lang.AssertionError" message="Zoom/pan controls are not present expected [true] but found [false]">
      <![CDATA[java.lang.AssertionError: Zoom/pan controls are not present expected [true] but found [false]
at com.sqa.doan.tests.CanvasDesignTest.tc_fr03_ui_01_overallUiLayout(CanvasDesignTest.java:31)
at java.base/java.util.ArrayList.forEach(ArrayList.java:1596)
... Removed 32 stack frames]]>
    </failure>
  </testcase> <!-- tc_fr03_ui_01_overallUiLayout -->
  <testcase classname="com.sqa.doan.tests.CanvasDesignTest" name="tc_fr03_ui_02_modelCardStructure" time="11.616"/>
  <testcase classname="com.sqa.doan.tests.CanvasDesignTest" name="tc_fr03_ui_03_dataTypeIconDisplay" time="0.556"/>
  <testcase classname="com.sqa.doan.tests.CanvasDesignTest" name="tc_fr03_ui_04_testModelNameInputEmpty" time="10.92"/>
  <testcase classname="com.sqa.doan.tests.CanvasDesignTest" name="tc_fr03_ui_05_testModelNameInputDuplicate" time="17.161">
    <failure type="org.openqa.selenium.TimeoutException" message="Expected condition failed: waiting for visibility of element located by By.cssSelector: .react-flow__node-model input (tried for 15 second(s) with 500 milliseconds interval)
Build info: version: &amp;apos;4.19.1&amp;apos;, revision: &amp;apos;abe0ee07dc&amp;apos;
System info: os.name: &amp;apos;Windows 11&amp;apos;, os.arch: &amp;apos;amd64&amp;apos;, os.version: &amp;apos;10.0&amp;apos;, java.version: &amp;apos;21.0.8&amp;apos;
Driver info: org.openqa.selenium.chrome.ChromeDriver
Capabilities {acceptInsecureCerts: false, browserName: chrome, browserVersion: 147.0.7727.138, chrome: {chromedriverVersion: 147.0.7727.117 (474cc805edd..., userDataDir: C:\Users\Admin\AppData\Loca...}, fedcm:accounts: true, goog:chromeOptions: {debuggerAddress: localhost:63226}, goog:processID: 23004, networkConnectionEnabled: false, pageLoadStrategy: normal, platformName: windows, proxy: Proxy(), se:cdp: ws://localhost:63226/devtoo..., se:cdpVersion: 147.0.7727.138, setWindowRect: true, strictFileInteractability: false, timeouts: {implicit: 0, pageLoad: 300000, script: 30000}, unhandledPromptBehavior: dismiss and notify, webauthn:extension:credBlob: true, webauthn:extension:largeBlob: true, webauthn:extension:minPinLength: true, webauthn:extension:prf: true, webauthn:virtualAuthenticators: true}
Session ID: 42e36ea2aad946c4fd64054be90f82ee">
      <![CDATA[org.openqa.selenium.TimeoutException: Expected condition failed: waiting for visibility of element located by By.cssSelector: .react-flow__node-model input (tried for 15 second(s) with 500 milliseconds interval)
Build info: version: '4.19.1', revision: 'abe0ee07dc'
System info: os.name: 'Windows 11', os.arch: 'amd64', os.version: '10.0', java.version: '21.0.8'
Driver info: org.openqa.selenium.chrome.ChromeDriver
Capabilities {acceptInsecureCerts: false, browserName: chrome, browserVersion: 147.0.7727.138, chrome: {chromedriverVersion: 147.0.7727.117 (474cc805edd..., userDataDir: C:\Users\Admin\AppData\Loca...}, fedcm:accounts: true, goog:chromeOptions: {debuggerAddress: localhost:63226}, goog:processID: 23004, networkConnectionEnabled: false, pageLoadStrategy: normal, platformName: windows, proxy: Proxy(), se:cdp: ws://localhost:63226/devtoo..., se:cdpVersion: 147.0.7727.138, setWindowRect: true, strictFileInteractability: false, timeouts: {implicit: 0, pageLoad: 300000, script: 30000}, unhandledPromptBehavior: dismiss and notify, webauthn:extension:credBlob: true, webauthn:extension:largeBlob: true, webauthn:extension:minPinLength: true, webauthn:extension:prf: true, webauthn:virtualAuthenticators: true}
Session ID: 42e36ea2aad946c4fd64054be90f82ee
at org.openqa.selenium.support.ui.WebDriverWait.timeoutException(WebDriverWait.java:84)
at org.openqa.selenium.support.ui.FluentWait.until(FluentWait.java:228)
at com.sqa.doan.pages.CanvasPage.renameFirstTable(CanvasPage.java:95)
at com.sqa.doan.tests.CanvasDesignTest.tc_fr03_ui_05_testModelNameInputDuplicate(CanvasDesignTest.java:72)
at java.base/java.util.ArrayList.forEach(ArrayList.java:1596)
... Removed 29 stack frames]]>
    </failure>
  </testcase> <!-- tc_fr03_ui_05_testModelNameInputDuplicate -->
  <testcase classname="com.sqa.doan.tests.CanvasDesignTest" name="tc_fr03_ui_06_testModelNameSpecialChars" time="15.349">
    <failure type="org.openqa.selenium.TimeoutException" message="Expected condition failed: waiting for visibility of element located by By.cssSelector: .react-flow__node-model input (tried for 15 second(s) with 500 milliseconds interval)
Build info: version: &amp;apos;4.19.1&amp;apos;, revision: &amp;apos;abe0ee07dc&amp;apos;
System info: os.name: &amp;apos;Windows 11&amp;apos;, os.arch: &amp;apos;amd64&amp;apos;, os.version: &amp;apos;10.0&amp;apos;, java.version: &amp;apos;21.0.8&amp;apos;
Driver info: org.openqa.selenium.chrome.ChromeDriver
Capabilities {acceptInsecureCerts: false, browserName: chrome, browserVersion: 147.0.7727.138, chrome: {chromedriverVersion: 147.0.7727.117 (474cc805edd..., userDataDir: C:\Users\Admin\AppData\Loca...}, fedcm:accounts: true, goog:chromeOptions: {debuggerAddress: localhost:63226}, goog:processID: 23004, networkConnectionEnabled: false, pageLoadStrategy: normal, platformName: windows, proxy: Proxy(), se:cdp: ws://localhost:63226/devtoo..., se:cdpVersion: 147.0.7727.138, setWindowRect: true, strictFileInteractability: false, timeouts: {implicit: 0, pageLoad: 300000, script: 30000}, unhandledPromptBehavior: dismiss and notify, webauthn:extension:credBlob: true, webauthn:extension:largeBlob: true, webauthn:extension:minPinLength: true, webauthn:extension:prf: true, webauthn:virtualAuthenticators: true}
Session ID: 42e36ea2aad946c4fd64054be90f82ee">
      <![CDATA[org.openqa.selenium.TimeoutException: Expected condition failed: waiting for visibility of element located by By.cssSelector: .react-flow__node-model input (tried for 15 second(s) with 500 milliseconds interval)
Build info: version: '4.19.1', revision: 'abe0ee07dc'
System info: os.name: 'Windows 11', os.arch: 'amd64', os.version: '10.0', java.version: '21.0.8'
Driver info: org.openqa.selenium.chrome.ChromeDriver
Capabilities {acceptInsecureCerts: false, browserName: chrome, browserVersion: 147.0.7727.138, chrome: {chromedriverVersion: 147.0.7727.117 (474cc805edd..., userDataDir: C:\Users\Admin\AppData\Loca...}, fedcm:accounts: true, goog:chromeOptions: {debuggerAddress: localhost:63226}, goog:processID: 23004, networkConnectionEnabled: false, pageLoadStrategy: normal, platformName: windows, proxy: Proxy(), se:cdp: ws://localhost:63226/devtoo..., se:cdpVersion: 147.0.7727.138, setWindowRect: true, strictFileInteractability: false, timeouts: {implicit: 0, pageLoad: 300000, script: 30000}, unhandledPromptBehavior: dismiss and notify, webauthn:extension:credBlob: true, webauthn:extension:largeBlob: true, webauthn:extension:minPinLength: true, webauthn:extension:prf: true, webauthn:virtualAuthenticators: true}
Session ID: 42e36ea2aad946c4fd64054be90f82ee
at org.openqa.selenium.support.ui.WebDriverWait.timeoutException(WebDriverWait.java:84)
at org.openqa.selenium.support.ui.FluentWait.until(FluentWait.java:228)
at com.sqa.doan.pages.CanvasPage.renameAndBlur(CanvasPage.java:113)
at com.sqa.doan.tests.CanvasDesignTest.tc_fr03_ui_06_testModelNameSpecialChars(CanvasDesignTest.java:80)
at java.base/java.util.ArrayList.forEach(ArrayList.java:1596)
... Removed 29 stack frames]]>
    </failure>
  </testcase> <!-- tc_fr03_ui_06_testModelNameSpecialChars -->
  <testcase classname="com.sqa.doan.tests.CanvasDesignTest" name="tc_fr03_ui_07_testAttributeNameDuplicate" time="0.041"/>
  <testcase classname="com.sqa.doan.tests.CanvasDesignTest" name="tc_fr03_ui_08_testAttributeDataTypeEnum" time="0.0"/>
  <testcase classname="com.sqa.doan.tests.CanvasDesignTest" name="tc_fr03_ui_09_testAddTableButton" time="0.021"/>
  <testcase classname="com.sqa.doan.tests.CanvasDesignTest" name="tc_fr03_ui_10_testExportJsonButton" time="0.001"/>
  <testcase classname="com.sqa.doan.tests.CanvasDesignTest" name="tc_fr03_fn_01_addModelFunction" time="1.555"/>
  <testcase classname="com.sqa.doan.tests.CanvasDesignTest" name="tc_fr03_fn_02_moveModelCoordinates" time="1.217"/>
  <testcase classname="com.sqa.doan.tests.CanvasDesignTest" name="tc_fr03_fn_03_deleteSingleModel" time="0.615">
    <failure type="java.lang.AssertionError" message="Node was not deleted expected [true] but found [false]">
      <![CDATA[java.lang.AssertionError: Node was not deleted expected [true] but found [false]
at com.sqa.doan.tests.CanvasDesignTest.tc_fr03_fn_03_deleteSingleModel(CanvasDesignTest.java:137)
at java.base/java.util.ArrayList.forEach(ArrayList.java:1596)
... Removed 32 stack frames]]>
    </failure>
  </testcase> <!-- tc_fr03_fn_03_deleteSingleModel -->
  <testcase classname="com.sqa.doan.tests.CanvasDesignTest" name="tc_fr03_fn_04_deleteConnectedModel" time="1.361"/>
  <testcase classname="com.sqa.doan.tests.CanvasDesignTest" name="tc_fr03_fn_05_renameModelExecution" time="15.583">
    <failure type="org.openqa.selenium.TimeoutException" message="Expected condition failed: waiting for visibility of element located by By.cssSelector: .react-flow__node-model input (tried for 15 second(s) with 500 milliseconds interval)
Build info: version: &amp;apos;4.19.1&amp;apos;, revision: &amp;apos;abe0ee07dc&amp;apos;
System info: os.name: &amp;apos;Windows 11&amp;apos;, os.arch: &amp;apos;amd64&amp;apos;, os.version: &amp;apos;10.0&amp;apos;, java.version: &amp;apos;21.0.8&amp;apos;
Driver info: org.openqa.selenium.chrome.ChromeDriver
Capabilities {acceptInsecureCerts: false, browserName: chrome, browserVersion: 147.0.7727.138, chrome: {chromedriverVersion: 147.0.7727.117 (474cc805edd..., userDataDir: C:\Users\Admin\AppData\Loca...}, fedcm:accounts: true, goog:chromeOptions: {debuggerAddress: localhost:63226}, goog:processID: 23004, networkConnectionEnabled: false, pageLoadStrategy: normal, platformName: windows, proxy: Proxy(), se:cdp: ws://localhost:63226/devtoo..., se:cdpVersion: 147.0.7727.138, setWindowRect: true, strictFileInteractability: false, timeouts: {implicit: 0, pageLoad: 300000, script: 30000}, unhandledPromptBehavior: dismiss and notify, webauthn:extension:credBlob: true, webauthn:extension:largeBlob: true, webauthn:extension:minPinLength: true, webauthn:extension:prf: true, webauthn:virtualAuthenticators: true}
Session ID: 42e36ea2aad946c4fd64054be90f82ee">
      <![CDATA[org.openqa.selenium.TimeoutException: Expected condition failed: waiting for visibility of element located by By.cssSelector: .react-flow__node-model input (tried for 15 second(s) with 500 milliseconds interval)
Build info: version: '4.19.1', revision: 'abe0ee07dc'
System info: os.name: 'Windows 11', os.arch: 'amd64', os.version: '10.0', java.version: '21.0.8'
Driver info: org.openqa.selenium.chrome.ChromeDriver
Capabilities {acceptInsecureCerts: false, browserName: chrome, browserVersion: 147.0.7727.138, chrome: {chromedriverVersion: 147.0.7727.117 (474cc805edd..., userDataDir: C:\Users\Admin\AppData\Loca...}, fedcm:accounts: true, goog:chromeOptions: {debuggerAddress: localhost:63226}, goog:processID: 23004, networkConnectionEnabled: false, pageLoadStrategy: normal, platformName: windows, proxy: Proxy(), se:cdp: ws://localhost:63226/devtoo..., se:cdpVersion: 147.0.7727.138, setWindowRect: true, strictFileInteractability: false, timeouts: {implicit: 0, pageLoad: 300000, script: 30000}, unhandledPromptBehavior: dismiss and notify, webauthn:extension:credBlob: true, webauthn:extension:largeBlob: true, webauthn:extension:minPinLength: true, webauthn:extension:prf: true, webauthn:virtualAuthenticators: true}
Session ID: 42e36ea2aad946c4fd64054be90f82ee
at org.openqa.selenium.support.ui.WebDriverWait.timeoutException(WebDriverWait.java:84)
at org.openqa.selenium.support.ui.FluentWait.until(FluentWait.java:228)
at com.sqa.doan.pages.CanvasPage.renameFirstTable(CanvasPage.java:95)
at com.sqa.doan.tests.CanvasDesignTest.tc_fr03_fn_05_renameModelExecution(CanvasDesignTest.java:161)
at java.base/java.util.ArrayList.forEach(ArrayList.java:1596)
... Removed 29 stack frames]]>
    </failure>
  </testcase> <!-- tc_fr03_fn_05_renameModelExecution -->
  <testcase classname="com.sqa.doan.tests.CanvasDesignTest" name="tc_fr03_fn_06_addAttributeToModel" time="0.045"/>
  <testcase classname="com.sqa.doan.tests.CanvasDesignTest" name="tc_fr03_fn_07_deleteAttribute" time="0.0"/>
  <testcase classname="com.sqa.doan.tests.CanvasDesignTest" name="tc_fr03_fn_08_togglePrimaryKeyStatus" time="0.0"/>
  <testcase classname="com.sqa.doan.tests.CanvasDesignTest" name="tc_fr03_fn_09_changeDataTypeLogic" time="0.001"/>
  <testcase classname="com.sqa.doan.tests.CanvasDesignTest" name="tc_fr03_fn_10_addConnection" time="20.838"/>
  <testcase classname="com.sqa.doan.tests.CanvasDesignTest" name="tc_fr03_fn_11_deleteConnection" time="10.04"/>
  <testcase classname="com.sqa.doan.tests.CanvasDesignTest" name="tc_fr03_fn_12_graphCircularDependency" time="0.0">
    <failure type="java.lang.AssertionError" message="Algorithm fails to detect cycle, allowing circular connection which causes infinite loops later.">
      <![CDATA[java.lang.AssertionError: Algorithm fails to detect cycle, allowing circular connection which causes infinite loops later.
at com.sqa.doan.tests.CanvasDesignTest.tc_fr03_fn_12_graphCircularDependency(CanvasDesignTest.java:215)
at java.base/java.util.ArrayList.forEach(ArrayList.java:1596)
... Removed 30 stack frames]]>
    </failure>
  </testcase> <!-- tc_fr03_fn_12_graphCircularDependency -->
  <testcase classname="com.sqa.doan.tests.CanvasDesignTest" name="tc_fr03_fn_13_exportJsonFileGeneration" time="20.571"/>
  <testcase classname="com.sqa.doan.tests.CanvasDesignTest" name="tc_fr03_fn_14_exportPngCanvasCapture" time="10.033"/>
</testsuite> <!-- Canvas Design Tests (FR-03 and NFR-03) -->
